Determining if the pthread_create exist failed with the following output:
Change Dir: /home/pai/catkin_ws/build/CMakeFiles/CMakeTmp

Run Build Command:"/usr/bin/make" "cmTC_c3918/fast"
/usr/bin/make -f CMakeFiles/cmTC_c3918.dir/build.make CMakeFiles/cmTC_c3918.dir/build
make[1]: 进入目录“/home/pai/catkin_ws/build/CMakeFiles/CMakeTmp”
Building C object CMakeFiles/cmTC_c3918.dir/CheckSymbolExists.c.o
/usr/bin/cc    -o CMakeFiles/cmTC_c3918.dir/CheckSymbolExists.c.o   -c /home/pai/catkin_ws/build/CMakeFiles/CMakeTmp/CheckSymbolExists.c
Linking C executable cmTC_c3918
/usr/bin/cmake -E cmake_link_script CMakeFiles/cmTC_c3918.dir/link.txt --verbose=1
/usr/bin/cc      -rdynamic CMakeFiles/cmTC_c3918.dir/CheckSymbolExists.c.o  -o cmTC_c3918 
CMakeFiles/cmTC_c3918.dir/CheckSymbolExists.c.o：在函数‘main’中：
CheckSymbolExists.c:(.text+0x1b)：对‘pthread_create’未定义的引用
collect2: error: ld returned 1 exit status
CMakeFiles/cmTC_c3918.dir/build.make:97: recipe for target 'cmTC_c3918' failed
make[1]: *** [cmTC_c3918] Error 1
make[1]: 离开目录“/home/pai/catkin_ws/build/CMakeFiles/CMakeTmp”
Makefile:126: recipe for target 'cmTC_c3918/fast' failed
make: *** [cmTC_c3918/fast] Error 2

File /home/pai/catkin_ws/build/CMakeFiles/CMakeTmp/CheckSymbolExists.c:
/* */
#include <pthread.h>

int main(int argc, char** argv)
{
  (void)argv;
#ifndef pthread_create
  return ((int*)(&pthread_create))[argc];
#else
  (void)argc;
  return 0;
#endif
}

Determining if the function pthread_create exists in the pthreads failed with the following output:
Change Dir: /home/pai/catkin_ws/build/CMakeFiles/CMakeTmp

Run Build Command:"/usr/bin/make" "cmTC_4270a/fast"
/usr/bin/make -f CMakeFiles/cmTC_4270a.dir/build.make CMakeFiles/cmTC_4270a.dir/build
make[1]: 进入目录“/home/pai/catkin_ws/build/CMakeFiles/CMakeTmp”
Building C object CMakeFiles/cmTC_4270a.dir/CheckFunctionExists.c.o
/usr/bin/cc   -DCHECK_FUNCTION_EXISTS=pthread_create   -o CMakeFiles/cmTC_4270a.dir/CheckFunctionExists.c.o   -c /usr/share/cmake-3.10/Modules/CheckFunctionExists.c
Linking C executable cmTC_4270a
/usr/bin/cmake -E cmake_link_script CMakeFiles/cmTC_4270a.dir/link.txt --verbose=1
/usr/bin/cc  -DCHECK_FUNCTION_EXISTS=pthread_create    -rdynamic CMakeFiles/cmTC_4270a.dir/CheckFunctionExists.c.o  -o cmTC_4270a -lpthreads 
/usr/bin/ld: 找不到 -lpthreads
collect2: error: ld returned 1 exit status
CMakeFiles/cmTC_4270a.dir/build.make:97: recipe for target 'cmTC_4270a' failed
make[1]: *** [cmTC_4270a] Error 1
make[1]: 离开目录“/home/pai/catkin_ws/build/CMakeFiles/CMakeTmp”
Makefile:126: recipe for target 'cmTC_4270a/fast' failed
make: *** [cmTC_4270a/fast] Error 2


